2025-01-02 18:03:19,507 - INFO - Logging test: If you see this, logging is working!
2025-01-02 18:05:57,229 - INFO - Logging test: If you see this, logging is working!
2025-01-02 18:06:20,323 - INFO - Logging test: If you see this, logging is working!
2025-01-02 18:06:45,769 - INFO - Logging test: If you see this, logging is working!
2025-01-02 18:07:02,724 - INFO - Logging test: If you see this, logging is working!
2025-01-02 18:09:05,890 - INFO - Data loaded log successful
2025-01-02 18:10:43,576 - INFO - Data loaded log successful
2025-01-02 18:11:43,698 - INFO - Checking for missing values...
2025-01-02 18:12:00,437 - INFO - Checking for missing values...
2025-01-02 18:12:00,652 - INFO - Displaying basic statistics for numerical columns...
2025-01-02 18:14:00,513 - INFO - Handling missing values in Test Data...
2025-01-02 18:14:00,527 - INFO - Handling missing values in Store Data...
2025-01-02 18:14:00,544 - INFO - Missing values handled successfully.
2025-01-02 18:14:46,729 - INFO - Handle missing values without inplace=True
2025-01-02 18:15:57,600 - INFO - Remaining missing values handled.
2025-01-02 18:20:00,026 - INFO - Capping outliers...
2025-01-02 18:23:12,349 - INFO - Checking for missing values...
2025-01-02 18:23:12,704 - INFO - Displaying basic statistics for numerical columns...
2025-01-02 18:23:36,529 - INFO - Merging train data with cleaned store data...
2025-01-02 18:23:37,309 - INFO - Merged train data dimensions: (1017209, 18)
2025-01-02 18:23:55,037 - INFO - Merged dataset saved to ../data/merged_train_data.csv.
2025-01-02 18:33:07,300 - INFO - Detecting outliers...
2025-01-02 18:34:15,279 - INFO - Capping outliers...
2025-01-02 18:35:31,565 - INFO - Visualizing outliers...
2025-01-02 18:39:40,770 - INFO - Detecting outliers...
2025-01-02 18:39:55,154 - INFO - Detecting outliers...
2025-01-02 18:42:05,277 - INFO - Merging train data with cleaned store data...
2025-01-02 18:44:41,261 - INFO - Merging train data with cleaned store data...
2025-01-02 18:45:51,887 - INFO - Handle missing values without inplace=True
2025-01-02 18:46:21,303 - INFO - Data loaded log successful
2025-01-02 18:46:29,459 - INFO - Checking for missing values...
2025-01-02 18:46:29,946 - INFO - Displaying basic statistics for numerical columns...
2025-01-02 18:46:38,741 - INFO - Handle missing values without inplace=True
2025-01-02 18:46:44,103 - INFO - Remaining missing values handled.
2025-01-02 18:46:45,911 - INFO - Remaining missing values handled.
2025-01-02 18:46:53,602 - INFO - Merging train data with cleaned store data...
2025-01-02 18:46:54,318 - INFO - Merged train data dimensions: (1017209, 18)
2025-01-02 18:47:14,052 - INFO - Merged dataset saved to ../data/merged_train_data.csv.
2025-01-02 18:48:07,012 - INFO - Detecting outliers...
2025-01-02 18:48:07,185 - INFO - Sales Outliers: 26694
2025-01-02 18:48:07,187 - INFO - Customers Outliers: 38095
2025-01-02 18:48:07,188 - INFO - Competition Distance Outliers: 108
2025-01-02 18:48:10,866 - INFO - Capping outliers...
2025-01-02 18:48:11,088 - INFO - Outliers capped successfully.
2025-01-02 18:48:19,962 - INFO - Visualizing outliers...
2025-01-02 18:49:11,748 - INFO - Remaining Sales Outliers: 0
2025-01-02 18:49:11,751 - INFO - Remaining Competition Distance Outliers: 0
2025-01-02 18:53:39,665 - INFO - promo distrubution in trainig vs Testing Data
2025-01-02 18:56:31,964 - INFO - Holiday Sales Summary: Regular day vs Holiday
2025-01-02 18:58:10,217 - INFO - Seasonal Sales Summary 
